2016-05-30 17:46:52: Cookie name: trex_76e8b8c5b412f65584ccb10ff596f954c6a6b9e1a2823690a9ce95ef63ae86cd
2016-05-30 17:46:52: Initializing application...
2016-05-30 17:46:52: memcache - Cache hit tml__current_version
2016-05-30 17:46:52: Local cache version unsupported
2016-05-30 17:46:52: Cache version is outdated, needs refresh
2016-05-30 17:46:52: GET: https://cdn.translationexchange.com/76e8b8c5b412f65584ccb10ff596f954c6a6b9e1a2823690a9ce95ef63ae86cd/version.json
2016-05-30 17:46:53: Received compressed 243 uncompressed 243 in 1661 milliseconds
2016-05-30 17:46:53: Storing version in local cache as unsupported
2016-05-30 17:46:53: memcache - Cache store tml__current_version
2016-05-30 17:46:53: Application initialized
2016-05-30 17:46:53: Page loaded in 1686 milliseconds
2016-05-30 17:47:03: Cookie name: trex_76e8b8c5b412f65584ccb10ff596f954c6a6b9e1a2823690a9ce95ef63ae86cd
2016-05-30 17:47:03: Initializing application...
2016-05-30 17:47:03: memcache - Cache hit tml__current_version
2016-05-30 17:47:03: Local cache version unsupported
2016-05-30 17:47:03: Cache version is up to date, expires in 0s
2016-05-30 17:47:03: Application initialized
2016-05-30 17:47:03: Page loaded in 23 milliseconds
2016-05-30 17:47:07: Cookie name: trex_76e8b8c5b412f65584ccb10ff596f954c6a6b9e1a2823690a9ce95ef63ae86cd
2016-05-30 17:47:07: Initializing application...
2016-05-30 17:47:07: memcache - Cache hit tml__current_version
2016-05-30 17:47:07: Local cache version unsupported
2016-05-30 17:47:07: Cache version is outdated, needs refresh
2016-05-30 17:47:07: GET: https://cdn.translationexchange.com/76e8b8c5b412f65584ccb10ff596f954c6a6b9e1a2823690a9ce95ef63ae86cd/version.json
2016-05-30 17:47:07: Received compressed 69 uncompressed 69 in 193 milliseconds
2016-05-30 17:47:07: Storing version in local cache as 20160531004326
2016-05-30 17:47:07: memcache - Cache store tml__current_version
2016-05-30 17:47:07: memcache - Cache miss tml__v20160531004326_application
2016-05-30 17:47:07: GET: https://cdn.translationexchange.com/76e8b8c5b412f65584ccb10ff596f954c6a6b9e1a2823690a9ce95ef63ae86cd/20160531004326/application.json
2016-05-30 17:47:07: Received compressed 736 uncompressed 1921 in 218 milliseconds
2016-05-30 17:47:07: memcache - Cache store tml__v20160531004326_application
2016-05-30 17:47:07: Application initialized
2016-05-30 17:47:07: memcache - Cache miss tml__v20160531004326_ru/language
2016-05-30 17:47:07: GET: https://cdn.translationexchange.com/76e8b8c5b412f65584ccb10ff596f954c6a6b9e1a2823690a9ce95ef63ae86cd/20160531004326/ru/language.json
2016-05-30 17:47:07: Received compressed 5691 uncompressed 97588 in 269 milliseconds
2016-05-30 17:47:07: memcache - Cache store tml__v20160531004326_ru/language
2016-05-30 17:47:07: memcache - Cache miss tml__v20160531004326_en/language
2016-05-30 17:47:07: GET: https://cdn.translationexchange.com/76e8b8c5b412f65584ccb10ff596f954c6a6b9e1a2823690a9ce95ef63ae86cd/20160531004326/en/language.json
2016-05-30 17:47:08: Received compressed 3010 uncompressed 20165 in 203 milliseconds
2016-05-30 17:47:08: memcache - Cache store tml__v20160531004326_en/language
2016-05-30 17:47:08: memcache - Cache miss tml__v20160531004326_ru/sources/index
2016-05-30 17:47:08: GET: https://cdn.translationexchange.com/76e8b8c5b412f65584ccb10ff596f954c6a6b9e1a2823690a9ce95ef63ae86cd/20160531004326/ru/sources/index.json
2016-05-30 17:47:08: Received compressed 1511 uncompressed 3011 in 230 milliseconds
2016-05-30 17:47:08: memcache - Cache store tml__v20160531004326_ru/sources/index
2016-05-30 17:47:08: memcache - Cache miss tml__v20160531004326_ru/sources/navigation
2016-05-30 17:47:08: GET: https://cdn.translationexchange.com/76e8b8c5b412f65584ccb10ff596f954c6a6b9e1a2823690a9ce95ef63ae86cd/20160531004326/ru/sources/navigation.json
2016-05-30 17:47:08: Received compressed 918 uncompressed 918 in 187 milliseconds
2016-05-30 17:47:08: memcache - Cache store tml__v20160531004326_ru/sources/navigation
2016-05-30 17:47:08: Page loaded in 1336 milliseconds
2016-05-30 17:47:12: Cookie name: trex_76e8b8c5b412f65584ccb10ff596f954c6a6b9e1a2823690a9ce95ef63ae86cd
2016-05-30 17:47:12: Initializing application...
2016-05-30 17:47:12: memcache - Cache hit tml__current_version
2016-05-30 17:47:12: Local cache version 20160531004326
2016-05-30 17:47:12: Cache version is up to date, expires in 5s
2016-05-30 17:47:12: memcache - Cache hit tml__v20160531004326_application
2016-05-30 17:47:12: Application initialized
2016-05-30 17:47:12: memcache - Cache miss tml__v20160531004326_ja/language
2016-05-30 17:47:12: GET: https://cdn.translationexchange.com/76e8b8c5b412f65584ccb10ff596f954c6a6b9e1a2823690a9ce95ef63ae86cd/20160531004326/ja/language.json
2016-05-30 17:47:12: Received compressed 790 uncompressed 2533 in 196 milliseconds
2016-05-30 17:47:12: memcache - Cache store tml__v20160531004326_ja/language
2016-05-30 17:47:12: memcache - Cache hit tml__v20160531004326_en/language
2016-05-30 17:47:12: memcache - Cache miss tml__v20160531004326_ja/sources/index
2016-05-30 17:47:12: GET: https://cdn.translationexchange.com/76e8b8c5b412f65584ccb10ff596f954c6a6b9e1a2823690a9ce95ef63ae86cd/20160531004326/ja/sources/index.json
2016-05-30 17:47:13: Received compressed 1233 uncompressed 2006 in 190 milliseconds
2016-05-30 17:47:13: memcache - Cache store tml__v20160531004326_ja/sources/index
2016-05-30 17:47:13: memcache - Cache miss tml__v20160531004326_ja/sources/navigation
2016-05-30 17:47:13: GET: https://cdn.translationexchange.com/76e8b8c5b412f65584ccb10ff596f954c6a6b9e1a2823690a9ce95ef63ae86cd/20160531004326/ja/sources/navigation.json
2016-05-30 17:47:13: Received compressed 830 uncompressed 830 in 176 milliseconds
2016-05-30 17:47:13: memcache - Cache store tml__v20160531004326_ja/sources/navigation
2016-05-30 17:47:13: Page loaded in 592 milliseconds
2016-05-30 17:47:14: Cookie name: trex_76e8b8c5b412f65584ccb10ff596f954c6a6b9e1a2823690a9ce95ef63ae86cd
2016-05-30 17:47:14: Initializing application...
2016-05-30 17:47:14: memcache - Cache hit tml__current_version
2016-05-30 17:47:14: Local cache version 20160531004326
2016-05-30 17:47:14: Cache version is up to date, expires in 3s
2016-05-30 17:47:14: memcache - Cache hit tml__v20160531004326_application
2016-05-30 17:47:14: Application initialized
2016-05-30 17:47:14: memcache - Cache miss tml__v20160531004326_zh/language
2016-05-30 17:47:14: GET: https://cdn.translationexchange.com/76e8b8c5b412f65584ccb10ff596f954c6a6b9e1a2823690a9ce95ef63ae86cd/20160531004326/zh/language.json
2016-05-30 17:47:15: Received compressed 876 uncompressed 3081 in 222 milliseconds
2016-05-30 17:47:15: memcache - Cache store tml__v20160531004326_zh/language
2016-05-30 17:47:15: memcache - Cache hit tml__v20160531004326_en/language
2016-05-30 17:47:15: memcache - Cache miss tml__v20160531004326_zh/sources/index
2016-05-30 17:47:15: GET: https://cdn.translationexchange.com/76e8b8c5b412f65584ccb10ff596f954c6a6b9e1a2823690a9ce95ef63ae86cd/20160531004326/zh/sources/index.json
2016-05-30 17:47:15: Received compressed 1569 uncompressed 2691 in 186 milliseconds
2016-05-30 17:47:15: memcache - Cache store tml__v20160531004326_zh/sources/index
2016-05-30 17:47:15: memcache - Cache miss tml__v20160531004326_zh/sources/navigation
2016-05-30 17:47:15: GET: https://cdn.translationexchange.com/76e8b8c5b412f65584ccb10ff596f954c6a6b9e1a2823690a9ce95ef63ae86cd/20160531004326/zh/sources/navigation.json
2016-05-30 17:47:15: Received compressed 765 uncompressed 765 in 172 milliseconds
2016-05-30 17:47:15: memcache - Cache store tml__v20160531004326_zh/sources/navigation
2016-05-30 17:47:15: Page loaded in 603 milliseconds
2016-05-30 17:47:16: Cookie name: trex_76e8b8c5b412f65584ccb10ff596f954c6a6b9e1a2823690a9ce95ef63ae86cd
2016-05-30 17:47:16: Initializing application...
2016-05-30 17:47:16: memcache - Cache hit tml__current_version
2016-05-30 17:47:16: Local cache version 20160531004326
2016-05-30 17:47:16: Cache version is up to date, expires in 1s
2016-05-30 17:47:16: memcache - Cache hit tml__v20160531004326_application
2016-05-30 17:47:16: Application initialized
2016-05-30 17:47:16: memcache - Cache hit tml__v20160531004326_ja/language
2016-05-30 17:47:16: memcache - Cache hit tml__v20160531004326_en/language
2016-05-30 17:47:16: memcache - Cache hit tml__v20160531004326_ja/sources/index
2016-05-30 17:47:16: memcache - Cache hit tml__v20160531004326_ja/sources/navigation
2016-05-30 17:47:16: Page loaded in 22 milliseconds
2016-05-30 17:47:17: Cookie name: trex_76e8b8c5b412f65584ccb10ff596f954c6a6b9e1a2823690a9ce95ef63ae86cd
2016-05-30 17:47:17: Initializing application...
2016-05-30 17:47:17: memcache - Cache hit tml__current_version
2016-05-30 17:47:17: Local cache version 20160531004326
2016-05-30 17:47:17: Cache version is up to date, expires in 0s
2016-05-30 17:47:17: memcache - Cache hit tml__v20160531004326_application
2016-05-30 17:47:17: Application initialized
2016-05-30 17:47:17: memcache - Cache hit tml__v20160531004326_ru/language
2016-05-30 17:47:17: memcache - Cache hit tml__v20160531004326_en/language
2016-05-30 17:47:17: memcache - Cache hit tml__v20160531004326_ru/sources/index
2016-05-30 17:47:17: memcache - Cache hit tml__v20160531004326_ru/sources/navigation
2016-05-30 17:47:17: Page loaded in 21 milliseconds
2016-05-30 17:47:17: Cookie name: trex_76e8b8c5b412f65584ccb10ff596f954c6a6b9e1a2823690a9ce95ef63ae86cd
2016-05-30 17:47:17: Initializing application...
2016-05-30 17:47:17: memcache - Cache hit tml__current_version
2016-05-30 17:47:17: Local cache version 20160531004326
2016-05-30 17:47:17: Cache version is up to date, expires in 0s
2016-05-30 17:47:17: memcache - Cache hit tml__v20160531004326_application
2016-05-30 17:47:17: Application initialized
2016-05-30 17:47:17: memcache - Cache hit tml__v20160531004326_en/language
2016-05-30 17:47:17: memcache - Cache miss tml__v20160531004326_en/sources/index
2016-05-30 17:47:17: GET: https://cdn.translationexchange.com/76e8b8c5b412f65584ccb10ff596f954c6a6b9e1a2823690a9ce95ef63ae86cd/20160531004326/en/sources/index.json
2016-05-30 17:47:18: Received compressed 699 uncompressed 1216 in 187 milliseconds
2016-05-30 17:47:18: memcache - Cache store tml__v20160531004326_en/sources/index
2016-05-30 17:47:18: memcache - Cache miss tml__v20160531004326_en/sources/navigation
2016-05-30 17:47:18: GET: https://cdn.translationexchange.com/76e8b8c5b412f65584ccb10ff596f954c6a6b9e1a2823690a9ce95ef63ae86cd/20160531004326/en/sources/navigation.json
2016-05-30 17:47:18: Received compressed 482 uncompressed 482 in 211 milliseconds
2016-05-30 17:47:18: memcache - Cache store tml__v20160531004326_en/sources/navigation
2016-05-30 17:47:18: Page loaded in 424 milliseconds
2016-05-30 17:47:19: Cookie name: trex_76e8b8c5b412f65584ccb10ff596f954c6a6b9e1a2823690a9ce95ef63ae86cd
2016-05-30 17:47:19: Initializing application...
2016-05-30 17:47:19: memcache - Cache hit tml__current_version
2016-05-30 17:47:19: Local cache version 20160531004326
2016-05-30 17:47:19: Cache version is outdated, needs refresh
2016-05-30 17:47:19: GET: https://cdn.translationexchange.com/76e8b8c5b412f65584ccb10ff596f954c6a6b9e1a2823690a9ce95ef63ae86cd/version.json
2016-05-30 17:47:19: Received compressed 69 uncompressed 69 in 121 milliseconds
2016-05-30 17:47:19: Storing version in local cache as 20160531004326
2016-05-30 17:47:19: memcache - Cache store tml__current_version
2016-05-30 17:47:19: memcache - Cache hit tml__v20160531004326_application
2016-05-30 17:47:19: Application initialized
2016-05-30 17:47:19: memcache - Cache hit tml__v20160531004326_ru/language
2016-05-30 17:47:19: memcache - Cache hit tml__v20160531004326_en/language
2016-05-30 17:47:19: memcache - Cache hit tml__v20160531004326_ru/sources/index
2016-05-30 17:47:19: memcache - Cache hit tml__v20160531004326_ru/sources/navigation
2016-05-30 17:47:19: Page loaded in 145 milliseconds
2016-05-30 17:47:21: Cookie name: trex_76e8b8c5b412f65584ccb10ff596f954c6a6b9e1a2823690a9ce95ef63ae86cd
2016-05-30 17:47:21: Initializing application...
2016-05-30 17:47:21: memcache - Cache hit tml__current_version
2016-05-30 17:47:21: Local cache version 20160531004326
2016-05-30 17:47:21: Cache version is up to date, expires in 8s
2016-05-30 17:47:21: memcache - Cache hit tml__v20160531004326_application
2016-05-30 17:47:21: Application initialized
2016-05-30 17:47:21: memcache - Cache hit tml__v20160531004326_ja/language
2016-05-30 17:47:21: memcache - Cache hit tml__v20160531004326_en/language
2016-05-30 17:47:21: memcache - Cache hit tml__v20160531004326_ja/sources/index
2016-05-30 17:47:21: memcache - Cache hit tml__v20160531004326_ja/sources/navigation
2016-05-30 17:47:21: Page loaded in 20 milliseconds
2016-05-30 17:47:21: Cookie name: trex_76e8b8c5b412f65584ccb10ff596f954c6a6b9e1a2823690a9ce95ef63ae86cd
2016-05-30 17:47:21: Initializing application...
2016-05-30 17:47:21: memcache - Cache hit tml__current_version
2016-05-30 17:47:21: Local cache version 20160531004326
2016-05-30 17:47:21: Cache version is up to date, expires in 8s
2016-05-30 17:47:21: memcache - Cache hit tml__v20160531004326_application
2016-05-30 17:47:21: Application initialized
2016-05-30 17:47:21: memcache - Cache hit tml__v20160531004326_zh/language
2016-05-30 17:47:21: memcache - Cache hit tml__v20160531004326_en/language
2016-05-30 17:47:21: memcache - Cache hit tml__v20160531004326_zh/sources/index
2016-05-30 17:47:21: memcache - Cache hit tml__v20160531004326_zh/sources/navigation
2016-05-30 17:47:21: Page loaded in 17 milliseconds
2016-05-30 17:47:23: Cookie name: trex_76e8b8c5b412f65584ccb10ff596f954c6a6b9e1a2823690a9ce95ef63ae86cd
2016-05-30 17:47:23: Initializing application...
2016-05-30 17:47:23: memcache - Cache hit tml__current_version
2016-05-30 17:47:23: Local cache version 20160531004326
2016-05-30 17:47:23: Cache version is up to date, expires in 6s
2016-05-30 17:47:23: memcache - Cache hit tml__v20160531004326_application
2016-05-30 17:47:23: Application initialized
2016-05-30 17:47:23: memcache - Cache hit tml__v20160531004326_ja/language
2016-05-30 17:47:23: memcache - Cache hit tml__v20160531004326_en/language
2016-05-30 17:47:23: memcache - Cache hit tml__v20160531004326_ja/sources/index
2016-05-30 17:47:23: memcache - Cache hit tml__v20160531004326_ja/sources/navigation
2016-05-30 17:47:23: Page loaded in 21 milliseconds
2016-05-30 17:47:26: Cookie name: trex_76e8b8c5b412f65584ccb10ff596f954c6a6b9e1a2823690a9ce95ef63ae86cd
2016-05-30 17:47:26: Initializing application...
2016-05-30 17:47:26: memcache - Cache hit tml__current_version
2016-05-30 17:47:26: Local cache version 20160531004326
2016-05-30 17:47:26: Cache version is up to date, expires in 3s
2016-05-30 17:47:26: memcache - Cache hit tml__v20160531004326_application
2016-05-30 17:47:26: Application initialized
2016-05-30 17:47:26: memcache - Cache hit tml__v20160531004326_ru/language
2016-05-30 17:47:26: memcache - Cache hit tml__v20160531004326_en/language
2016-05-30 17:47:26: memcache - Cache hit tml__v20160531004326_ru/sources/index
2016-05-30 17:47:26: memcache - Cache hit tml__v20160531004326_ru/sources/navigation
2016-05-30 17:47:26: Page loaded in 20 milliseconds
2016-05-30 17:48:11: Cookie name: trex_76e8b8c5b412f65584ccb10ff596f954c6a6b9e1a2823690a9ce95ef63ae86cd
2016-05-30 17:48:11: Initializing application...
2016-05-30 17:48:11: memcache - Cache miss tml_76e8b8c5b_current_version
2016-05-30 17:48:11: Storing version in local cache as undefined
2016-05-30 17:48:11: memcache - Cache store tml_76e8b8c5b_current_version
2016-05-30 17:48:11: GET: https://cdn.translationexchange.com/76e8b8c5b412f65584ccb10ff596f954c6a6b9e1a2823690a9ce95ef63ae86cd/version.json
2016-05-30 17:48:12: Received compressed 69 uncompressed 69 in 287 milliseconds
2016-05-30 17:48:12: Storing version in local cache as 20160531004326
2016-05-30 17:48:12: memcache - Cache store tml_76e8b8c5b_current_version
2016-05-30 17:48:12: memcache - Cache miss tml_76e8b8c5b_v20160531004326_application
2016-05-30 17:48:12: GET: https://cdn.translationexchange.com/76e8b8c5b412f65584ccb10ff596f954c6a6b9e1a2823690a9ce95ef63ae86cd/20160531004326/application.json
2016-05-30 17:48:12: Received compressed 736 uncompressed 1921 in 129 milliseconds
2016-05-30 17:48:12: memcache - Cache store tml_76e8b8c5b_v20160531004326_application
2016-05-30 17:48:12: Application initialized
2016-05-30 17:48:12: memcache - Cache miss tml_76e8b8c5b_v20160531004326_ru/language
2016-05-30 17:48:12: GET: https://cdn.translationexchange.com/76e8b8c5b412f65584ccb10ff596f954c6a6b9e1a2823690a9ce95ef63ae86cd/20160531004326/ru/language.json
2016-05-30 17:48:12: Received compressed 5691 uncompressed 97588 in 127 milliseconds
2016-05-30 17:48:12: memcache - Cache store tml_76e8b8c5b_v20160531004326_ru/language
2016-05-30 17:48:12: memcache - Cache miss tml_76e8b8c5b_v20160531004326_en/language
2016-05-30 17:48:12: GET: https://cdn.translationexchange.com/76e8b8c5b412f65584ccb10ff596f954c6a6b9e1a2823690a9ce95ef63ae86cd/20160531004326/en/language.json
2016-05-30 17:48:12: Received compressed 3010 uncompressed 20165 in 125 milliseconds
2016-05-30 17:48:12: memcache - Cache store tml_76e8b8c5b_v20160531004326_en/language
2016-05-30 17:48:12: memcache - Cache miss tml_76e8b8c5b_v20160531004326_ru/sources/index
2016-05-30 17:48:12: GET: https://cdn.translationexchange.com/76e8b8c5b412f65584ccb10ff596f954c6a6b9e1a2823690a9ce95ef63ae86cd/20160531004326/ru/sources/index.json
2016-05-30 17:48:12: Received compressed 1511 uncompressed 3011 in 133 milliseconds
2016-05-30 17:48:12: memcache - Cache store tml_76e8b8c5b_v20160531004326_ru/sources/index
2016-05-30 17:48:12: memcache - Cache miss tml_76e8b8c5b_v20160531004326_ru/sources/navigation
2016-05-30 17:48:12: GET: https://cdn.translationexchange.com/76e8b8c5b412f65584ccb10ff596f954c6a6b9e1a2823690a9ce95ef63ae86cd/20160531004326/ru/sources/navigation.json
2016-05-30 17:48:12: Received compressed 918 uncompressed 918 in 137 milliseconds
2016-05-30 17:48:12: memcache - Cache store tml_76e8b8c5b_v20160531004326_ru/sources/navigation
2016-05-30 17:48:12: Page loaded in 976 milliseconds
2016-05-30 17:48:16: Cookie name: trex_76e8b8c5b412f65584ccb10ff596f954c6a6b9e1a2823690a9ce95ef63ae86cd
2016-05-30 17:48:16: Initializing application...
2016-05-30 17:48:16: memcache - Cache hit tml_76e8b8c5b_current_version
2016-05-30 17:48:16: Local cache version 20160531004326
2016-05-30 17:48:16: Cache version is up to date, expires in 6s
2016-05-30 17:48:16: memcache - Cache hit tml_76e8b8c5b_v20160531004326_application
2016-05-30 17:48:16: Application initialized
2016-05-30 17:48:16: memcache - Cache hit tml_76e8b8c5b_v20160531004326_ru/language
2016-05-30 17:48:16: memcache - Cache hit tml_76e8b8c5b_v20160531004326_en/language
2016-05-30 17:48:16: memcache - Cache hit tml_76e8b8c5b_v20160531004326_ru/sources/index
2016-05-30 17:48:16: memcache - Cache hit tml_76e8b8c5b_v20160531004326_ru/sources/navigation
2016-05-30 17:48:16: Page loaded in 21 milliseconds
2016-05-30 17:48:19: Cookie name: trex_76e8b8c5b412f65584ccb10ff596f954c6a6b9e1a2823690a9ce95ef63ae86cd
2016-05-30 17:48:19: Initializing application...
2016-05-30 17:48:19: memcache - Cache hit tml_76e8b8c5b_current_version
2016-05-30 17:48:19: Local cache version 20160531004326
2016-05-30 17:48:19: Cache version is up to date, expires in 3s
2016-05-30 17:48:19: memcache - Cache hit tml_76e8b8c5b_v20160531004326_application
2016-05-30 17:48:19: Application initialized
2016-05-30 17:48:19: memcache - Cache hit tml_76e8b8c5b_v20160531004326_ru/language
2016-05-30 17:48:19: memcache - Cache hit tml_76e8b8c5b_v20160531004326_en/language
2016-05-30 17:48:19: memcache - Cache hit tml_76e8b8c5b_v20160531004326_ru/sources/index
2016-05-30 17:48:19: memcache - Cache hit tml_76e8b8c5b_v20160531004326_ru/sources/navigation
2016-05-30 17:48:19: Page loaded in 20 milliseconds
2016-05-30 17:48:22: Cookie name: trex_76e8b8c5b412f65584ccb10ff596f954c6a6b9e1a2823690a9ce95ef63ae86cd
2016-05-30 17:48:22: Initializing application...
2016-05-30 17:48:22: memcache - Cache hit tml_76e8b8c5b_current_version
2016-05-30 17:48:22: Local cache version 20160531004326
2016-05-30 17:48:22: Cache version is up to date, expires in 0s
2016-05-30 17:48:22: memcache - Cache hit tml_76e8b8c5b_v20160531004326_application
2016-05-30 17:48:22: Application initialized
2016-05-30 17:48:22: memcache - Cache hit tml_76e8b8c5b_v20160531004326_ru/language
2016-05-30 17:48:22: memcache - Cache hit tml_76e8b8c5b_v20160531004326_en/language
2016-05-30 17:48:22: memcache - Cache hit tml_76e8b8c5b_v20160531004326_ru/sources/index
2016-05-30 17:48:22: memcache - Cache hit tml_76e8b8c5b_v20160531004326_ru/sources/navigation
2016-05-30 17:48:22: Page loaded in 22 milliseconds
2016-05-30 17:48:24: Cookie name: trex_76e8b8c5b412f65584ccb10ff596f954c6a6b9e1a2823690a9ce95ef63ae86cd
2016-05-30 17:48:24: Initializing application...
2016-05-30 17:48:24: memcache - Cache hit tml_76e8b8c5b_current_version
2016-05-30 17:48:24: Local cache version 20160531004326
2016-05-30 17:48:24: Cache version is outdated, needs refresh
2016-05-30 17:48:24: GET: https://cdn.translationexchange.com/76e8b8c5b412f65584ccb10ff596f954c6a6b9e1a2823690a9ce95ef63ae86cd/version.json
2016-05-30 17:48:24: Received compressed 69 uncompressed 69 in 220 milliseconds
2016-05-30 17:48:24: Storing version in local cache as 20160531004326
2016-05-30 17:48:24: memcache - Cache store tml_76e8b8c5b_current_version
2016-05-30 17:48:24: memcache - Cache hit tml_76e8b8c5b_v20160531004326_application
2016-05-30 17:48:24: Application initialized
2016-05-30 17:48:24: memcache - Cache hit tml_76e8b8c5b_v20160531004326_ru/language
2016-05-30 17:48:24: memcache - Cache hit tml_76e8b8c5b_v20160531004326_en/language
2016-05-30 17:48:24: memcache - Cache hit tml_76e8b8c5b_v20160531004326_ru/sources/index
2016-05-30 17:48:24: memcache - Cache hit tml_76e8b8c5b_v20160531004326_ru/sources/navigation
2016-05-30 17:48:24: Page loaded in 244 milliseconds
2016-05-30 17:48:55: Cookie name: trex_76e8b8c5b412f65584ccb10ff596f954c6a6b9e1a2823690a9ce95ef63ae86cd
2016-05-30 17:48:55: Initializing application...
2016-05-30 17:48:55: memcache - Cache hit tml_76e8b8c5b_current_version
2016-05-30 17:48:55: Local cache version 20160531004326
2016-05-30 17:48:55: Cache version is up to date, expires in 3569s
2016-05-30 17:48:55: memcache - Cache hit tml_76e8b8c5b_v20160531004326_application
2016-05-30 17:48:55: Application initialized
2016-05-30 17:48:55: memcache - Cache hit tml_76e8b8c5b_v20160531004326_ru/language
2016-05-30 17:48:55: memcache - Cache hit tml_76e8b8c5b_v20160531004326_en/language
2016-05-30 17:48:55: memcache - Cache hit tml_76e8b8c5b_v20160531004326_ru/sources/index
2016-05-30 17:48:55: memcache - Cache hit tml_76e8b8c5b_v20160531004326_ru/sources/navigation
2016-05-30 17:48:55: Page loaded in 21 milliseconds
2016-05-30 17:49:03: Cookie name: trex_76e8b8c5b412f65584ccb10ff596f954c6a6b9e1a2823690a9ce95ef63ae86cd
2016-05-30 17:49:03: Initializing application...
2016-05-30 17:49:03: GET: https://api.translationexchange.com/v1/projects/current/definition?locale=ru&source=index&ignored=true&access_token=ffc34f2a07c9ed40aae65d227e2a0bd2b6e2ccb56871bfc37c0b806671e519e8&app_id=76e8b8c5b412f65584ccb10ff596f954c6a6b9e1a2823690a9ce95ef63ae86cd
2016-05-30 17:49:03: Received compressed 10462 uncompressed 123715 in 750 milliseconds
2016-05-30 17:49:03: Application initialized
2016-05-30 17:49:03: Page loaded in 771 milliseconds
2016-05-30 17:49:21: Cookie name: trex_76e8b8c5b412f65584ccb10ff596f954c6a6b9e1a2823690a9ce95ef63ae86cd
2016-05-30 17:49:21: Initializing application...
2016-05-30 17:49:21: GET: https://api.translationexchange.com/v1/projects/current/definition?locale=ru&source=index&ignored=true&access_token=ffc34f2a07c9ed40aae65d227e2a0bd2b6e2ccb56871bfc37c0b806671e519e8&app_id=76e8b8c5b412f65584ccb10ff596f954c6a6b9e1a2823690a9ce95ef63ae86cd
2016-05-30 17:49:22: Received compressed 10668 uncompressed 124225 in 464 milliseconds
2016-05-30 17:49:22: Application initialized
2016-05-30 17:49:22: Page loaded in 486 milliseconds
2016-05-30 17:49:23: Cookie name: trex_76e8b8c5b412f65584ccb10ff596f954c6a6b9e1a2823690a9ce95ef63ae86cd
2016-05-30 17:49:23: Initializing application...
2016-05-30 17:49:23: memcache - Cache hit tml_76e8b8c5b_current_version
2016-05-30 17:49:23: Local cache version 20160531004326
2016-05-30 17:49:23: Cache version is up to date, expires in 3541s
2016-05-30 17:49:23: memcache - Cache hit tml_76e8b8c5b_v20160531004326_application
2016-05-30 17:49:23: Application initialized
2016-05-30 17:49:23: memcache - Cache hit tml_76e8b8c5b_v20160531004326_ru/language
2016-05-30 17:49:23: memcache - Cache hit tml_76e8b8c5b_v20160531004326_en/language
2016-05-30 17:49:23: memcache - Cache hit tml_76e8b8c5b_v20160531004326_ru/sources/index
2016-05-30 17:49:23: memcache - Cache hit tml_76e8b8c5b_v20160531004326_ru/sources/navigation
2016-05-30 17:49:23: Page loaded in 21 milliseconds
2016-05-30 17:49:24: Cookie name: trex_76e8b8c5b412f65584ccb10ff596f954c6a6b9e1a2823690a9ce95ef63ae86cd
2016-05-30 17:49:24: Initializing application...
2016-05-30 17:49:24: memcache - Cache hit tml_76e8b8c5b_current_version
2016-05-30 17:49:24: Local cache version 20160531004326
2016-05-30 17:49:24: Cache version is up to date, expires in 3540s
2016-05-30 17:49:24: memcache - Cache hit tml_76e8b8c5b_v20160531004326_application
2016-05-30 17:49:24: Application initialized
2016-05-30 17:49:24: memcache - Cache hit tml_76e8b8c5b_v20160531004326_ru/language
2016-05-30 17:49:24: memcache - Cache hit tml_76e8b8c5b_v20160531004326_en/language
2016-05-30 17:49:24: memcache - Cache hit tml_76e8b8c5b_v20160531004326_ru/sources/index
2016-05-30 17:49:24: memcache - Cache hit tml_76e8b8c5b_v20160531004326_ru/sources/navigation
2016-05-30 17:49:24: Page loaded in 20 milliseconds
2016-05-30 17:49:25: Cookie name: trex_76e8b8c5b412f65584ccb10ff596f954c6a6b9e1a2823690a9ce95ef63ae86cd
2016-05-30 17:49:25: Initializing application...
2016-05-30 17:49:25: memcache - Cache hit tml_76e8b8c5b_current_version
2016-05-30 17:49:25: Local cache version 20160531004326
2016-05-30 17:49:25: Cache version is up to date, expires in 3539s
2016-05-30 17:49:25: memcache - Cache hit tml_76e8b8c5b_v20160531004326_application
2016-05-30 17:49:25: Application initialized
2016-05-30 17:49:25: memcache - Cache hit tml_76e8b8c5b_v20160531004326_ru/language
2016-05-30 17:49:25: memcache - Cache hit tml_76e8b8c5b_v20160531004326_en/language
2016-05-30 17:49:25: memcache - Cache hit tml_76e8b8c5b_v20160531004326_ru/sources/index
2016-05-30 17:49:25: memcache - Cache hit tml_76e8b8c5b_v20160531004326_ru/sources/navigation
2016-05-30 17:49:25: Page loaded in 21 milliseconds
2016-05-30 17:49:26: Cookie name: trex_76e8b8c5b412f65584ccb10ff596f954c6a6b9e1a2823690a9ce95ef63ae86cd
2016-05-30 17:49:26: Initializing application...
2016-05-30 17:49:26: memcache - Cache hit tml_76e8b8c5b_current_version
2016-05-30 17:49:26: Local cache version 20160531004326
2016-05-30 17:49:26: Cache version is up to date, expires in 3538s
2016-05-30 17:49:26: memcache - Cache hit tml_76e8b8c5b_v20160531004326_application
2016-05-30 17:49:26: Application initialized
2016-05-30 17:49:26: memcache - Cache hit tml_76e8b8c5b_v20160531004326_ru/language
2016-05-30 17:49:26: memcache - Cache hit tml_76e8b8c5b_v20160531004326_en/language
2016-05-30 17:49:26: memcache - Cache hit tml_76e8b8c5b_v20160531004326_ru/sources/index
2016-05-30 17:49:26: memcache - Cache hit tml_76e8b8c5b_v20160531004326_ru/sources/navigation
2016-05-30 17:49:26: Page loaded in 21 milliseconds
2016-05-30 17:49:27: Cookie name: trex_76e8b8c5b412f65584ccb10ff596f954c6a6b9e1a2823690a9ce95ef63ae86cd
2016-05-30 17:49:27: Initializing application...
2016-05-30 17:49:27: memcache - Cache hit tml_76e8b8c5b_current_version
2016-05-30 17:49:27: Local cache version 20160531004326
2016-05-30 17:49:27: Cache version is up to date, expires in 3537s
2016-05-30 17:49:27: memcache - Cache hit tml_76e8b8c5b_v20160531004326_application
2016-05-30 17:49:27: Application initialized
2016-05-30 17:49:27: memcache - Cache hit tml_76e8b8c5b_v20160531004326_ru/language
2016-05-30 17:49:27: memcache - Cache hit tml_76e8b8c5b_v20160531004326_en/language
2016-05-30 17:49:27: memcache - Cache hit tml_76e8b8c5b_v20160531004326_ru/sources/index
2016-05-30 17:49:27: memcache - Cache hit tml_76e8b8c5b_v20160531004326_ru/sources/navigation
2016-05-30 17:49:27: Page loaded in 22 milliseconds
2016-05-30 17:49:27: Cookie name: trex_76e8b8c5b412f65584ccb10ff596f954c6a6b9e1a2823690a9ce95ef63ae86cd
2016-05-30 17:49:27: Initializing application...
2016-05-30 17:49:27: memcache - Cache hit tml_76e8b8c5b_current_version
2016-05-30 17:49:27: Local cache version 20160531004326
2016-05-30 17:49:27: Cache version is up to date, expires in 3537s
2016-05-30 17:49:27: memcache - Cache hit tml_76e8b8c5b_v20160531004326_application
2016-05-30 17:49:27: Application initialized
2016-05-30 17:49:27: memcache - Cache hit tml_76e8b8c5b_v20160531004326_ru/language
2016-05-30 17:49:27: memcache - Cache hit tml_76e8b8c5b_v20160531004326_en/language
2016-05-30 17:49:27: memcache - Cache hit tml_76e8b8c5b_v20160531004326_ru/sources/index
2016-05-30 17:49:27: memcache - Cache hit tml_76e8b8c5b_v20160531004326_ru/sources/navigation
2016-05-30 17:49:27: Page loaded in 22 milliseconds
2016-05-30 17:49:28: Cookie name: trex_76e8b8c5b412f65584ccb10ff596f954c6a6b9e1a2823690a9ce95ef63ae86cd
2016-05-30 17:49:28: Initializing application...
2016-05-30 17:49:28: memcache - Cache hit tml_76e8b8c5b_current_version
2016-05-30 17:49:28: Local cache version 20160531004326
2016-05-30 17:49:28: Cache version is up to date, expires in 3536s
2016-05-30 17:49:28: memcache - Cache hit tml_76e8b8c5b_v20160531004326_application
2016-05-30 17:49:28: Application initialized
2016-05-30 17:49:28: memcache - Cache hit tml_76e8b8c5b_v20160531004326_ru/language
2016-05-30 17:49:28: memcache - Cache hit tml_76e8b8c5b_v20160531004326_en/language
2016-05-30 17:49:28: memcache - Cache hit tml_76e8b8c5b_v20160531004326_ru/sources/index
2016-05-30 17:49:28: memcache - Cache hit tml_76e8b8c5b_v20160531004326_ru/sources/navigation
2016-05-30 17:49:28: Page loaded in 22 milliseconds
2016-05-30 17:49:28: Cookie name: trex_76e8b8c5b412f65584ccb10ff596f954c6a6b9e1a2823690a9ce95ef63ae86cd
2016-05-30 17:49:28: Initializing application...
2016-05-30 17:49:28: memcache - Cache hit tml_76e8b8c5b_current_version
2016-05-30 17:49:28: Local cache version 20160531004326
2016-05-30 17:49:28: Cache version is up to date, expires in 3536s
2016-05-30 17:49:28: memcache - Cache hit tml_76e8b8c5b_v20160531004326_application
2016-05-30 17:49:28: Application initialized
2016-05-30 17:49:28: memcache - Cache hit tml_76e8b8c5b_v20160531004326_ru/language
2016-05-30 17:49:28: memcache - Cache hit tml_76e8b8c5b_v20160531004326_en/language
2016-05-30 17:49:28: memcache - Cache hit tml_76e8b8c5b_v20160531004326_ru/sources/index
2016-05-30 17:49:28: memcache - Cache hit tml_76e8b8c5b_v20160531004326_ru/sources/navigation
2016-05-30 17:49:28: Page loaded in 25 milliseconds
2016-05-30 17:49:56: Cookie name: trex_76e8b8c5b412f65584ccb10ff596f954c6a6b9e1a2823690a9ce95ef63ae86cd
2016-05-30 17:49:56: Initializing application...
2016-05-30 17:49:56: memcache - Cache hit tml_76e8b8c5b_current_version
2016-05-30 17:49:56: Local cache version 20160531004326
2016-05-30 17:49:56: Cache version is outdated, needs refresh
2016-05-30 17:49:56: GET: https://cdn.translationexchange.com/76e8b8c5b412f65584ccb10ff596f954c6a6b9e1a2823690a9ce95ef63ae86cd/version.json
2016-05-30 17:49:57: Received compressed 69 uncompressed 69 in 181 milliseconds
2016-05-30 17:49:57: Storing version in local cache as 20160531004932
2016-05-30 17:49:57: memcache - Cache store tml_76e8b8c5b_current_version
2016-05-30 17:49:57: memcache - Cache miss tml_76e8b8c5b_v20160531004932_application
2016-05-30 17:49:57: GET: https://cdn.translationexchange.com/76e8b8c5b412f65584ccb10ff596f954c6a6b9e1a2823690a9ce95ef63ae86cd/20160531004932/application.json
2016-05-30 17:49:57: Received compressed 736 uncompressed 1921 in 190 milliseconds
2016-05-30 17:49:57: memcache - Cache store tml_76e8b8c5b_v20160531004932_application
2016-05-30 17:49:57: Application initialized
2016-05-30 17:49:57: memcache - Cache miss tml_76e8b8c5b_v20160531004932_ru/language
2016-05-30 17:49:57: GET: https://cdn.translationexchange.com/76e8b8c5b412f65584ccb10ff596f954c6a6b9e1a2823690a9ce95ef63ae86cd/20160531004932/ru/language.json
2016-05-30 17:49:57: Received compressed 5691 uncompressed 97588 in 222 milliseconds
2016-05-30 17:49:57: memcache - Cache store tml_76e8b8c5b_v20160531004932_ru/language
2016-05-30 17:49:57: memcache - Cache miss tml_76e8b8c5b_v20160531004932_en/language
2016-05-30 17:49:57: GET: https://cdn.translationexchange.com/76e8b8c5b412f65584ccb10ff596f954c6a6b9e1a2823690a9ce95ef63ae86cd/20160531004932/en/language.json
2016-05-30 17:49:57: Received compressed 3010 uncompressed 20165 in 229 milliseconds
2016-05-30 17:49:57: memcache - Cache store tml_76e8b8c5b_v20160531004932_en/language
2016-05-30 17:49:57: memcache - Cache miss tml_76e8b8c5b_v20160531004932_ru/sources/index
2016-05-30 17:49:57: GET: https://cdn.translationexchange.com/76e8b8c5b412f65584ccb10ff596f954c6a6b9e1a2823690a9ce95ef63ae86cd/20160531004932/ru/sources/index.json
2016-05-30 17:49:57: Received compressed 1722 uncompressed 3521 in 183 milliseconds
2016-05-30 17:49:57: memcache - Cache store tml_76e8b8c5b_v20160531004932_ru/sources/index
2016-05-30 17:49:57: memcache - Cache miss tml_76e8b8c5b_v20160531004932_ru/sources/navigation
2016-05-30 17:49:57: GET: https://cdn.translationexchange.com/76e8b8c5b412f65584ccb10ff596f954c6a6b9e1a2823690a9ce95ef63ae86cd/20160531004932/ru/sources/navigation.json
2016-05-30 17:49:58: Received compressed 918 uncompressed 918 in 175 milliseconds
2016-05-30 17:49:58: memcache - Cache store tml_76e8b8c5b_v20160531004932_ru/sources/navigation
2016-05-30 17:49:58: Page loaded in 1216 milliseconds
2016-05-30 17:50:02: Cookie name: trex_76e8b8c5b412f65584ccb10ff596f954c6a6b9e1a2823690a9ce95ef63ae86cd
2016-05-30 17:50:02: Initializing application...
2016-05-30 17:50:02: memcache - Cache hit tml_76e8b8c5b_current_version
2016-05-30 17:50:02: Local cache version 20160531004932
2016-05-30 17:50:02: Cache version is up to date, expires in 5s
2016-05-30 17:50:02: memcache - Cache hit tml_76e8b8c5b_v20160531004932_application
2016-05-30 17:50:02: Application initialized
2016-05-30 17:50:02: memcache - Cache hit tml_76e8b8c5b_v20160531004932_ru/language
2016-05-30 17:50:02: memcache - Cache hit tml_76e8b8c5b_v20160531004932_en/language
2016-05-30 17:50:02: memcache - Cache hit tml_76e8b8c5b_v20160531004932_ru/sources/index
2016-05-30 17:50:02: memcache - Cache hit tml_76e8b8c5b_v20160531004932_ru/sources/navigation
2016-05-30 17:50:02: Page loaded in 20 milliseconds
2016-05-30 17:58:50: Cookie name: trex_76e8b8c5b412f65584ccb10ff596f954c6a6b9e1a2823690a9ce95ef63ae86cd
2016-05-30 17:58:50: Initializing application...
2016-05-30 17:58:50: memcache - Cache hit tml_76e8b8c5b_current_version
2016-05-30 17:58:50: Local cache version 20160531004932
2016-05-30 17:58:50: Cache version is up to date, expires in 3067s
2016-05-30 17:58:50: memcache - Cache hit tml_76e8b8c5b_v20160531004932_application
2016-05-30 17:58:50: Application initialized
2016-05-30 17:58:50: memcache - Cache hit tml_76e8b8c5b_v20160531004932_ru/language
2016-05-30 17:58:50: memcache - Cache hit tml_76e8b8c5b_v20160531004932_en/language
2016-05-30 17:58:50: memcache - Cache hit tml_76e8b8c5b_v20160531004932_ru/sources/index
2016-05-30 17:58:50: memcache - Cache hit tml_76e8b8c5b_v20160531004932_ru/sources/navigation
2016-05-30 17:58:50: Page loaded in 23 milliseconds
2016-05-30 17:58:52: Cookie name: trex_76e8b8c5b412f65584ccb10ff596f954c6a6b9e1a2823690a9ce95ef63ae86cd
2016-05-30 17:58:52: Initializing application...
2016-05-30 17:58:52: memcache - Cache hit tml_76e8b8c5b_current_version
2016-05-30 17:58:52: Local cache version 20160531004932
2016-05-30 17:58:52: Cache version is up to date, expires in 3065s
2016-05-30 17:58:52: memcache - Cache hit tml_76e8b8c5b_v20160531004932_application
2016-05-30 17:58:52: Application initialized
2016-05-30 17:58:52: memcache - Cache hit tml_76e8b8c5b_v20160531004932_ru/language
2016-05-30 17:58:52: memcache - Cache hit tml_76e8b8c5b_v20160531004932_en/language
2016-05-30 17:58:52: memcache - Cache hit tml_76e8b8c5b_v20160531004932_ru/sources/index
2016-05-30 17:58:52: memcache - Cache hit tml_76e8b8c5b_v20160531004932_ru/sources/navigation
2016-05-30 17:58:52: Page loaded in 20 milliseconds
